0 info it worked if it ends with ok
1 verbose cli [ '/usr/local/Cellar/node/5.2.0/bin/node',
1 verbose cli   '/usr/local/bin/npm',
1 verbose cli   'run',
1 verbose cli   'start' ]
2 info using npm@3.10.5
3 info using node@v5.2.0
4 verbose run-script [ 'prestart', 'start', 'poststart' ]
5 info lifecycle wykop-enhancement-suite@0.3.1~prestart: wykop-enhancement-suite@0.3.1
6 silly lifecycle wykop-enhancement-suite@0.3.1~prestart: no script for prestart, continuing
7 info lifecycle wykop-enhancement-suite@0.3.1~start: wykop-enhancement-suite@0.3.1
8 verbose lifecycle wykop-enhancement-suite@0.3.1~start: unsafe-perm in lifecycle true
9 verbose lifecycle wykop-enhancement-suite@0.3.1~start: PATH: /usr/local/lib/node_modules/npm/bin/node-gyp-bin:/Users/johniak/Projects/WykopEnhancementSuite/node_modules/.bin:/usr/local/Cellar/node/5.2.0/bin:/Users/johniak/Library/Android/sdk/platform-tools:/usr/local/bin:/usr/local/sbin:/usr/local/bin:/usr/bin:/bin:/usr/sbin:/sbin:/Library/Python/2.7/site-packages
10 verbose lifecycle wykop-enhancement-suite@0.3.1~start: CWD: /Users/johniak/Projects/WykopEnhancementSuite
11 silly lifecycle wykop-enhancement-suite@0.3.1~start: Args: [ '-c', './node_modules/webpack/bin/webpack.js --watch' ]
12 silly lifecycle wykop-enhancement-suite@0.3.1~start: Returned: code: 1  signal: null
13 info lifecycle wykop-enhancement-suite@0.3.1~start: Failed to exec start script
14 verbose stack Error: wykop-enhancement-suite@0.3.1 start: `./node_modules/webpack/bin/webpack.js --watch`
14 verbose stack Exit status 1
14 verbose stack     at EventEmitter.<anonymous> (/usr/local/lib/node_modules/npm/lib/utils/lifecycle.js:242:16)
14 verbose stack     at emitTwo (events.js:88:13)
14 verbose stack     at EventEmitter.emit (events.js:173:7)
14 verbose stack     at ChildProcess.<anonymous> (/usr/local/lib/node_modules/npm/lib/utils/spawn.js:40:14)
14 verbose stack     at emitTwo (events.js:88:13)
14 verbose stack     at ChildProcess.emit (events.js:173:7)
14 verbose stack     at maybeClose (internal/child_process.js:819:16)
14 verbose stack     at Process.ChildProcess._handle.onexit (internal/child_process.js:212:5)
15 verbose pkgid wykop-enhancement-suite@0.3.1
16 verbose cwd /Users/johniak/Projects/WykopEnhancementSuite
17 error Darwin 16.0.0
18 error argv "/usr/local/Cellar/node/5.2.0/bin/node" "/usr/local/bin/npm" "run" "start"
19 error node v5.2.0
20 error npm  v3.10.5
21 error code ELIFECYCLE
22 error wykop-enhancement-suite@0.3.1 start: `./node_modules/webpack/bin/webpack.js --watch`
22 error Exit status 1
23 error Failed at the wykop-enhancement-suite@0.3.1 start script './node_modules/webpack/bin/webpack.js --watch'.
23 error Make sure you have the latest version of node.js and npm installed.
23 error If you do, this is most likely a problem with the wykop-enhancement-suite package,
23 error not with npm itself.
23 error Tell the author that this fails on your system:
23 error     ./node_modules/webpack/bin/webpack.js --watch
23 error You can get information on how to open an issue for this project with:
23 error     npm bugs wykop-enhancement-suite
23 error Or if that isn't available, you can get their info via:
23 error     npm owner ls wykop-enhancement-suite
23 error There is likely additional logging output above.
24 verbose exit [ 1, true ]
